# JRE version: Java(TM) SE Runtime Environment (8.0_45-b14) (build 1.8.0_45-b14)
# Java VM: Java HotSpot(TM) 64-Bit Server VM (25.45-b02 mixed mode linux-amd64 compressed oops)
Heap:
 PSYoungGen      total 68608K, used 55634K [0x00000000ebc00000, 0x00000000f0800000, 0x0000000100000000)
  eden space 62464K, 89% used [0x00000000ebc00000,0x00000000ef254a30,0x00000000ef900000)
  from space 6144K, 0% used [0x00000000f0000000,0x00000000f0000000,0x00000000f0600000)
  to   space 7168K, 0% used [0x00000000ef900000,0x00000000ef900000,0x00000000f0000000)
 ParOldGen       total 27136K, used 7435K [0x00000000c3400000, 0x00000000c4e80000, 0x00000000ebc00000)
  object space 27136K, 27% used [0x00000000c3400000,0x00000000c3b42d58,0x00000000c4e80000)
 Metaspace       used 25207K, capacity 25504K, committed 25904K, reserved 1071104K
  class space    used 3212K, capacity 3278K, committed 3376K, reserved 1048576K
GC Heap History (10 events):
Event: 1,045 GC heap before
{Heap before GC invocations=3 (full 0):
 PSYoungGen      total 18432K, used 18416K [0x00000000ebc00000, 0x00000000ee000000, 0x0000000100000000)
  eden space 15872K, 100% used [0x00000000ebc00000,0x00000000ecb80000,0x00000000ecb80000)
  from space 2560K, 99% used [0x00000000ece00000,0x00000000ed07c250,0x00000000ed080000)
  to   space 2560K, 0% used [0x00000000ecb80000,0x00000000ecb80000,0x00000000ece00000)
 ParOldGen       total 42496K, used 218K [0x00000000c3400000, 0x00000000c5d80000, 0x00000000ebc00000)
  object space 42496K, 0% used [0x00000000c3400000,0x00000000c3436ac8,0x00000000c5d80000)
 Metaspace       used 8984K, capacity 9154K, committed 9472K, reserved 1056768K
  class space    used 1141K, capacity 1173K, committed 1280K, reserved 1048576K
Event: 1,050 GC heap after
Heap after GC invocations=3 (full 0):
 PSYoungGen      total 18432K, used 2558K [0x00000000ebc00000, 0x00000000ee000000, 0x0000000100000000)
  eden space 15872K, 0% used [0x00000000ebc00000,0x00000000ebc00000,0x00000000ecb80000)
  from space 2560K, 99% used [0x00000000ecb80000,0x00000000ecdffa40,0x00000000ece00000)
  to   space 2560K, 0% used [0x00000000edd80000,0x00000000edd80000,0x00000000ee000000)
 ParOldGen       total 42496K, used 882K [0x00000000c3400000, 0x00000000c5d80000, 0x00000000ebc00000)
  object space 42496K, 2% used [0x00000000c3400000,0x00000000c34dcb58,0x00000000c5d80000)
 Metaspace       used 8984K, capacity 9154K, committed 9472K, reserved 1056768K
  class space    used 1141K, capacity 1173K, committed 1280K, reserved 1048576K
}
Event: 1,285 GC heap before
{Heap before GC invocations=4 (full 0):
 PSYoungGen      total 18432K, used 18430K [0x00000000ebc00000, 0x00000000ee000000, 0x0000000100000000)
  eden space 15872K, 100% used [0x00000000ebc00000,0x00000000ecb80000,0x00000000ecb80000)
  from space 2560K, 99% used [0x00000000ecb80000,0x00000000ecdffa40,0x00000000ece00000)
  to   space 2560K, 0% used [0x00000000edd80000,0x00000000edd80000,0x00000000ee000000)
 ParOldGen       total 42496K, used 882K [0x00000000c3400000, 0x00000000c5d80000, 0x00000000ebc00000)
  object space 42496K, 2% used [0x00000000c3400000,0x00000000c34dcb58,0x00000000c5d80000)
 Metaspace       used 10386K, capacity 10542K, committed 10624K, reserved 1058816K
  class space    used 1357K, capacity 1399K, committed 1408K, reserved 1048576K
Event: 1,292 GC heap after
Heap after GC invocations=4 (full 0):
 PSYoungGen      total 34304K, used 2560K [0x00000000ebc00000, 0x00000000ee000000, 0x0000000100000000)
  eden space 31744K, 0% used [0x00000000ebc00000,0x00000000ebc00000,0x00000000edb00000)
  from space 2560K, 100% used [0x00000000edd80000,0x00000000ee000000,0x00000000ee000000)
  to   space 2560K, 0% used [0x00000000edb00000,0x00000000edb00000,0x00000000edd80000)
 ParOldGen       total 42496K, used 2014K [0x00000000c3400000, 0x00000000c5d80000, 0x00000000ebc00000)
  object space 42496K, 4% used [0x00000000c3400000,0x00000000c35f79d8,0x00000000c5d80000)
 Metaspace       used 10386K, capacity 10542K, committed 10624K, reserved 1058816K
  class space    used 1357K, capacity 1399K, committed 1408K, reserved 1048576K
}
Event: 1,891 GC heap before
{Heap before GC invocations=5 (full 0):
 PSYoungGen      total 34304K, used 34304K [0x00000000ebc00000, 0x00000000ee000000, 0x0000000100000000)
  eden space 31744K, 100% used [0x00000000ebc00000,0x00000000edb00000,0x00000000edb00000)
  from space 2560K, 100% used [0x00000000edd80000,0x00000000ee000000,0x00000000ee000000)
  to   space 2560K, 0% used [0x00000000edb00000,0x00000000edb00000,0x00000000edd80000)
 ParOldGen       total 42496K, used 2014K [0x00000000c3400000, 0x00000000c5d80000, 0x00000000ebc00000)
  object space 42496K, 4% used [0x00000000c3400000,0x00000000c35f79d8,0x00000000c5d80000)
 Metaspace       used 13574K, capacity 13738K, committed 13952K, reserved 1060864K
  class space    used 1768K, capacity 1793K, committed 1920K, reserved 1048576K
Event: 1,902 GC heap after
Heap after GC invocations=5 (full 0):
 PSYoungGen      total 34304K, used 2548K [0x00000000ebc00000, 0x00000000f0600000, 0x0000000100000000)
  eden space 31744K, 0% used [0x00000000ebc00000,0x00000000ebc00000,0x00000000edb00000)
  from space 2560K, 99% used [0x00000000edb00000,0x00000000edd7d078,0x00000000edd80000)
  to   space 6144K, 0% used [0x00000000f0000000,0x00000000f0000000,0x00000000f0600000)
 ParOldGen       total 42496K, used 5654K [0x00000000c3400000, 0x00000000c5d80000, 0x00000000ebc00000)
  object space 42496K, 13% used [0x00000000c3400000,0x00000000c3985ab0,0x00000000c5d80000)
 Metaspace       used 13574K, capacity 13738K, committed 13952K, reserved 1060864K
  class space    used 1768K, capacity 1793K, committed 1920K, reserved 1048576K
}
Event: 404,663 GC heap before
{Heap before GC invocations=6 (full 0):
 PSYoungGen      total 34304K, used 30440K [0x00000000ebc00000, 0x00000000f0600000, 0x0000000100000000)
  eden space 31744K, 87% used [0x00000000ebc00000,0x00000000ed73d218,0x00000000edb00000)
  from space 2560K, 99% used [0x00000000edb00000,0x00000000edd7d078,0x00000000edd80000)
  to   space 6144K, 0% used [0x00000000f0000000,0x00000000f0000000,0x00000000f0600000)
 ParOldGen       total 42496K, used 5654K [0x00000000c3400000, 0x00000000c5d80000, 0x00000000ebc00000)
  object space 42496K, 13% used [0x00000000c3400000,0x00000000c3985ab0,0x00000000c5d80000)
 Metaspace       used 20857K, capacity 21076K, committed 21296K, reserved 1067008K
  class space    used 2746K, capacity 2828K, committed 2864K, reserved 1048576K
Event: 404,675 GC heap after
Heap after GC invocations=6 (full 0):
 PSYoungGen      total 68608K, used 6136K [0x00000000ebc00000, 0x00000000f0800000, 0x0000000100000000)
  eden space 62464K, 0% used [0x00000000ebc00000,0x00000000ebc00000,0x00000000ef900000)
  from space 6144K, 99% used [0x00000000f0000000,0x00000000f05fe3e0,0x00000000f0600000)
  to   space 7168K, 0% used [0x00000000ef900000,0x00000000ef900000,0x00000000f0000000)
 ParOldGen       total 42496K, used 5712K [0x00000000c3400000, 0x00000000c5d80000, 0x00000000ebc00000)
  object space 42496K, 13% used [0x00000000c3400000,0x00000000c3994318,0x00000000c5d80000)
 Metaspace       used 20857K, capacity 21076K, committed 21296K, reserved 1067008K
  class space    used 2746K, capacity 2828K, committed 2864K, reserved 1048576K
}
Event: 404,675 GC heap before
{Heap before GC invocations=7 (full 1):
 PSYoungGen      total 68608K, used 6136K [0x00000000ebc00000, 0x00000000f0800000, 0x0000000100000000)
  eden space 62464K, 0% used [0x00000000ebc00000,0x00000000ebc00000,0x00000000ef900000)
  from space 6144K, 99% used [0x00000000f0000000,0x00000000f05fe3e0,0x00000000f0600000)
  to   space 7168K, 0% used [0x00000000ef900000,0x00000000ef900000,0x00000000f0000000)
 ParOldGen       total 42496K, used 5712K [0x00000000c3400000, 0x00000000c5d80000, 0x00000000ebc00000)
  object space 42496K, 13% used [0x00000000c3400000,0x00000000c3994318,0x00000000c5d80000)
 Metaspace       used 20857K, capacity 21076K, committed 21296K, reserved 1067008K
  class space    used 2746K, capacity 2828K, committed 2864K, reserved 1048576K
Event: 404,742 GC heap after
Heap after GC invocations=7 (full 1):
 PSYoungGen      total 68608K, used 0K [0x00000000ebc00000, 0x00000000f0800000, 0x0000000100000000)
  eden space 62464K, 0% used [0x00000000ebc00000,0x00000000ebc00000,0x00000000ef900000)
  from space 6144K, 0% used [0x00000000f0000000,0x00000000f0000000,0x00000000f0600000)
  to   space 7168K, 0% used [0x00000000ef900000,0x00000000ef900000,0x00000000f0000000)
 ParOldGen       total 27136K, used 7435K [0x00000000c3400000, 0x00000000c4e80000, 0x00000000ebc00000)
  object space 27136K, 27% used [0x00000000c3400000,0x00000000c3b42d58,0x00000000c4e80000)
 Metaspace       used 20857K, capacity 21076K, committed 21296K, reserved 1067008K
  class space    used 2746K, capacity 2828K, committed 2864K, reserved 1048576K
}

