# JRE version: Java(TM) SE Runtime Environment (8.0_45-b14) (build 1.8.0_45-b14)
# Java VM: Java HotSpot(TM) 64-Bit Server VM (25.45-b02 mixed mode linux-amd64 compressed oops)
Heap:
 PSYoungGen      total 69632K, used 51169K [0x00000000ebc00000, 0x00000000f4300000, 0x0000000100000000)
  eden space 61952K, 82% used [0x00000000ebc00000,0x00000000eedf8708,0x00000000ef880000)
  from space 7680K, 0% used [0x00000000ef880000,0x00000000ef880000,0x00000000f0000000)
  to   space 7168K, 0% used [0x00000000f3c00000,0x00000000f3c00000,0x00000000f4300000)
 ParOldGen       total 30208K, used 6407K [0x00000000c3400000, 0x00000000c5180000, 0x00000000ebc00000)
  object space 30208K, 21% used [0x00000000c3400000,0x00000000c3a41e28,0x00000000c5180000)
 Metaspace       used 22757K, capacity 22984K, committed 23296K, reserved 1069056K
  class space    used 2861K, capacity 2954K, committed 3072K, reserved 1048576K
GC Heap History (10 events):
Event: 1,698 GC heap before
{Heap before GC invocations=4 (full 0):
 PSYoungGen      total 18432K, used 18410K [0x00000000ebc00000, 0x00000000ee000000, 0x0000000100000000)
  eden space 15872K, 100% used [0x00000000ebc00000,0x00000000ecb80000,0x00000000ecb80000)
  from space 2560K, 99% used [0x00000000ecb80000,0x00000000ecdfa9e8,0x00000000ece00000)
  to   space 2560K, 0% used [0x00000000edd80000,0x00000000edd80000,0x00000000ee000000)
 ParOldGen       total 42496K, used 872K [0x00000000c3400000, 0x00000000c5d80000, 0x00000000ebc00000)
  object space 42496K, 2% used [0x00000000c3400000,0x00000000c34da1e0,0x00000000c5d80000)
 Metaspace       used 10387K, capacity 10600K, committed 10624K, reserved 1058816K
  class space    used 1362K, capacity 1398K, committed 1408K, reserved 1048576K
Event: 1,707 GC heap after
Heap after GC invocations=4 (full 0):
 PSYoungGen      total 34304K, used 2528K [0x00000000ebc00000, 0x00000000ee000000, 0x0000000100000000)
  eden space 31744K, 0% used [0x00000000ebc00000,0x00000000ebc00000,0x00000000edb00000)
  from space 2560K, 98% used [0x00000000edd80000,0x00000000edff8020,0x00000000ee000000)
  to   space 2560K, 0% used [0x00000000edb00000,0x00000000edb00000,0x00000000edd80000)
 ParOldGen       total 42496K, used 2027K [0x00000000c3400000, 0x00000000c5d80000, 0x00000000ebc00000)
  object space 42496K, 4% used [0x00000000c3400000,0x00000000c35fadc8,0x00000000c5d80000)
 Metaspace       used 10387K, capacity 10600K, committed 10624K, reserved 1058816K
  class space    used 1362K, capacity 1398K, committed 1408K, reserved 1048576K
}
Event: 2,298 GC heap before
{Heap before GC invocations=5 (full 0):
 PSYoungGen      total 34304K, used 34272K [0x00000000ebc00000, 0x00000000ee000000, 0x0000000100000000)
  eden space 31744K, 100% used [0x00000000ebc00000,0x00000000edb00000,0x00000000edb00000)
  from space 2560K, 98% used [0x00000000edd80000,0x00000000edff8020,0x00000000ee000000)
  to   space 2560K, 0% used [0x00000000edb00000,0x00000000edb00000,0x00000000edd80000)
 ParOldGen       total 42496K, used 2027K [0x00000000c3400000, 0x00000000c5d80000, 0x00000000ebc00000)
  object space 42496K, 4% used [0x00000000c3400000,0x00000000c35fadc8,0x00000000c5d80000)
 Metaspace       used 13579K, capacity 13738K, committed 13952K, reserved 1060864K
  class space    used 1775K, capacity 1793K, committed 1920K, reserved 1048576K
Event: 2,308 GC heap after
Heap after GC invocations=5 (full 0):
 PSYoungGen      total 34304K, used 2544K [0x00000000ebc00000, 0x00000000f0600000, 0x0000000100000000)
  eden space 31744K, 0% used [0x00000000ebc00000,0x00000000ebc00000,0x00000000edb00000)
  from space 2560K, 99% used [0x00000000edb00000,0x00000000edd7c010,0x00000000edd80000)
  to   space 6144K, 0% used [0x00000000f0000000,0x00000000f0000000,0x00000000f0600000)
 ParOldGen       total 42496K, used 5682K [0x00000000c3400000, 0x00000000c5d80000, 0x00000000ebc00000)
  object space 42496K, 13% used [0x00000000c3400000,0x00000000c398c8e0,0x00000000c5d80000)
 Metaspace       used 13579K, capacity 13738K, committed 13952K, reserved 1060864K
  class space    used 1775K, capacity 1793K, committed 1920K, reserved 1048576K
}
Event: 4,447 GC heap before
{Heap before GC invocations=6 (full 0):
 PSYoungGen      total 34304K, used 34288K [0x00000000ebc00000, 0x00000000f0600000, 0x0000000100000000)
  eden space 31744K, 100% used [0x00000000ebc00000,0x00000000edb00000,0x00000000edb00000)
  from space 2560K, 99% used [0x00000000edb00000,0x00000000edd7c010,0x00000000edd80000)
  to   space 6144K, 0% used [0x00000000f0000000,0x00000000f0000000,0x00000000f0600000)
 ParOldGen       total 42496K, used 5682K [0x00000000c3400000, 0x00000000c5d80000, 0x00000000ebc00000)
  object space 42496K, 13% used [0x00000000c3400000,0x00000000c398c8e0,0x00000000c5d80000)
 Metaspace       used 19735K, capacity 19964K, committed 20352K, reserved 1067008K
  class space    used 2546K, capacity 2632K, committed 2688K, reserved 1048576K
Event: 4,460 GC heap after
Heap after GC invocations=6 (full 0):
 PSYoungGen      total 68096K, used 6129K [0x00000000ebc00000, 0x00000000f0900000, 0x0000000100000000)
  eden space 61952K, 0% used [0x00000000ebc00000,0x00000000ebc00000,0x00000000ef880000)
  from space 6144K, 99% used [0x00000000f0000000,0x00000000f05fc530,0x00000000f0600000)
  to   space 7680K, 0% used [0x00000000ef880000,0x00000000ef880000,0x00000000f0000000)
 ParOldGen       total 42496K, used 6621K [0x00000000c3400000, 0x00000000c5d80000, 0x00000000ebc00000)
  object space 42496K, 15% used [0x00000000c3400000,0x00000000c3a777b8,0x00000000c5d80000)
 Metaspace       used 19735K, capacity 19964K, committed 20352K, reserved 1067008K
  class space    used 2546K, capacity 2632K, committed 2688K, reserved 1048576K
}
Event: 4,609 GC heap before
{Heap before GC invocations=7 (full 0):
 PSYoungGen      total 68096K, used 15126K [0x00000000ebc00000, 0x00000000f0900000, 0x0000000100000000)
  eden space 61952K, 14% used [0x00000000ebc00000,0x00000000ec4c9558,0x00000000ef880000)
  from space 6144K, 99% used [0x00000000f0000000,0x00000000f05fc530,0x00000000f0600000)
  to   space 7680K, 0% used [0x00000000ef880000,0x00000000ef880000,0x00000000f0000000)
 ParOldGen       total 42496K, used 6621K [0x00000000c3400000, 0x00000000c5d80000, 0x00000000ebc00000)
  object space 42496K, 15% used [0x00000000c3400000,0x00000000c3a777b8,0x00000000c5d80000)
 Metaspace       used 20847K, capacity 21084K, committed 21248K, reserved 1067008K
  class space    used 2712K, capacity 2792K, committed 2816K, reserved 1048576K
Event: 4,622 GC heap after
Heap after GC invocations=7 (full 0):
 PSYoungGen      total 69632K, used 4185K [0x00000000ebc00000, 0x00000000f4300000, 0x0000000100000000)
  eden space 61952K, 0% used [0x00000000ebc00000,0x00000000ebc00000,0x00000000ef880000)
  from space 7680K, 54% used [0x00000000ef880000,0x00000000efc96628,0x00000000f0000000)
  to   space 7168K, 0% used [0x00000000f3c00000,0x00000000f3c00000,0x00000000f4300000)
 ParOldGen       total 42496K, used 7598K [0x00000000c3400000, 0x00000000c5d80000, 0x00000000ebc00000)
  object space 42496K, 17% used [0x00000000c3400000,0x00000000c3b6ba30,0x00000000c5d80000)
 Metaspace       used 20847K, capacity 21084K, committed 21248K, reserved 1067008K
  class space    used 2712K, capacity 2792K, committed 2816K, reserved 1048576K
}
Event: 4,623 GC heap before
{Heap before GC invocations=8 (full 1):
 PSYoungGen      total 69632K, used 4185K [0x00000000ebc00000, 0x00000000f4300000, 0x0000000100000000)
  eden space 61952K, 0% used [0x00000000ebc00000,0x00000000ebc00000,0x00000000ef880000)
  from space 7680K, 54% used [0x00000000ef880000,0x00000000efc96628,0x00000000f0000000)
  to   space 7168K, 0% used [0x00000000f3c00000,0x00000000f3c00000,0x00000000f4300000)
 ParOldGen       total 42496K, used 7598K [0x00000000c3400000, 0x00000000c5d80000, 0x00000000ebc00000)
  object space 42496K, 17% used [0x00000000c3400000,0x00000000c3b6ba30,0x00000000c5d80000)
 Metaspace       used 20847K, capacity 21084K, committed 21248K, reserved 1067008K
  class space    used 2712K, capacity 2792K, committed 2816K, reserved 1048576K
Event: 4,683 GC heap after
Heap after GC invocations=8 (full 1):
 PSYoungGen      total 69632K, used 0K [0x00000000ebc00000, 0x00000000f4300000, 0x0000000100000000)
  eden space 61952K, 0% used [0x00000000ebc00000,0x00000000ebc00000,0x00000000ef880000)
  from space 7680K, 0% used [0x00000000ef880000,0x00000000ef880000,0x00000000f0000000)
  to   space 7168K, 0% used [0x00000000f3c00000,0x00000000f3c00000,0x00000000f4300000)
 ParOldGen       total 30208K, used 6407K [0x00000000c3400000, 0x00000000c5180000, 0x00000000ebc00000)
  object space 30208K, 21% used [0x00000000c3400000,0x00000000c3a41e28,0x00000000c5180000)
 Metaspace       used 20847K, capacity 21084K, committed 21248K, reserved 1067008K
  class space    used 2712K, capacity 2792K, committed 2816K, reserved 1048576K
}

